2023-06-22 11:52:17,199 INFO o.a.j.u.JMeterUtils: Setting Locale to en_EN
2023-06-22 11:52:17,199 INFO o.a.j.JMeter: Loading user properties from: C:\Users\marcrp\.bzt\jmeter-taurus\5.4.3\bin\user.properties
2023-06-22 11:52:17,199 INFO o.a.j.JMeter: Loading system properties from: C:\Users\marcrp\.bzt\jmeter-taurus\5.4.3\bin\system.properties
2023-06-22 11:52:17,199 INFO o.a.j.JMeter: Loading additional properties from: C:\Users\marcrp\Documents\Vueling-University\jmeter\Pokemon\load\tmp\jmeter-bzt.properties
2023-06-22 11:52:17,215 INFO o.a.j.JMeter: Copyright (c) 1998-2021 The Apache Software Foundation
2023-06-22 11:52:17,215 INFO o.a.j.JMeter: Version 5.4.3
2023-06-22 11:52:17,215 INFO o.a.j.JMeter: java.version=1.8.0_202
2023-06-22 11:52:17,215 INFO o.a.j.JMeter: java.vm.name=Java HotSpot(TM) 64-Bit Server VM
2023-06-22 11:52:17,215 INFO o.a.j.JMeter: os.name=Windows 10
2023-06-22 11:52:17,215 INFO o.a.j.JMeter: os.arch=amd64
2023-06-22 11:52:17,215 INFO o.a.j.JMeter: os.version=10.0
2023-06-22 11:52:17,215 INFO o.a.j.JMeter: file.encoding=Cp1252
2023-06-22 11:52:17,215 INFO o.a.j.JMeter: java.awt.headless=true
2023-06-22 11:52:17,215 INFO o.a.j.JMeter: Max memory     =1073741824
2023-06-22 11:52:17,215 INFO o.a.j.JMeter: Available Processors =8
2023-06-22 11:52:17,215 INFO o.a.j.JMeter: Default Locale=English (EN)
2023-06-22 11:52:17,215 INFO o.a.j.JMeter: JMeter  Locale=English (EN)
2023-06-22 11:52:17,215 INFO o.a.j.JMeter: JMeterHome=C:\Users\marcrp\.bzt\jmeter-taurus\5.4.3
2023-06-22 11:52:17,215 INFO o.a.j.JMeter: user.dir  =C:\Users\marcrp\Documents\Vueling-University\jmeter\Pokemon\load
2023-06-22 11:52:17,215 INFO o.a.j.JMeter: PWD       =C:\Users\marcrp\Documents\Vueling-University\jmeter\Pokemon\load
2023-06-22 11:52:17,215 INFO o.a.j.JMeter: IP: 10.168.146.83 Name: P-0467 FullName: P-0467.in2.es
2023-06-22 11:52:17,215 INFO o.a.j.JMeter: user.classpath=C:/Users/marcrp/Documents/Vueling-University/jmeter/Pokemon/load/tmp;C:/Users/marcrp/Documents/Vueling-University/jmeter/Pokemon/load/default
2023-06-22 11:52:17,231 INFO o.a.j.JMeter: Adding to classpath and loader: C:/Users/marcrp/Documents/Vueling-University/jmeter/Pokemon/load/tmp
2023-06-22 11:52:17,231 INFO o.a.j.JMeter: Adding to classpath and loader: C:/Users/marcrp/Documents/Vueling-University/jmeter/Pokemon/load/default
2023-06-22 11:52:17,231 INFO o.a.j.s.FileServer: Default base='C:\Users\marcrp\Documents\Vueling-University\jmeter\Pokemon\load'
2023-06-22 11:52:17,231 INFO o.a.j.s.FileServer: Set new base='C:\Users\marcrp\Documents\Vueling-University\jmeter\Pokemon\load\default'
2023-06-22 11:52:17,341 INFO o.a.j.s.SaveService: Testplan (JMX) version: 2.2. Testlog (JTL) version: 2.2
2023-06-22 11:52:17,356 INFO o.a.j.s.SaveService: Using SaveService properties file encoding UTF-8
2023-06-22 11:52:17,356 INFO o.a.j.s.SaveService: Using SaveService properties version 5.0
2023-06-22 11:52:17,372 INFO o.a.j.s.SaveService: Loading file: C:\Users\marcrp\Documents\Vueling-University\jmeter\Pokemon\load\default\modified_testScript.jmx
2023-06-22 11:52:17,435 INFO o.a.j.p.h.s.HTTPSamplerBase: Parser for text/html is org.apache.jmeter.protocol.http.parser.LagartoBasedHtmlParser
2023-06-22 11:52:17,435 INFO o.a.j.p.h.s.HTTPSamplerBase: Parser for application/xhtml+xml is org.apache.jmeter.protocol.http.parser.LagartoBasedHtmlParser
2023-06-22 11:52:17,435 INFO o.a.j.p.h.s.HTTPSamplerBase: Parser for application/xml is org.apache.jmeter.protocol.http.parser.LagartoBasedHtmlParser
2023-06-22 11:52:17,435 INFO o.a.j.p.h.s.HTTPSamplerBase: Parser for text/xml is org.apache.jmeter.protocol.http.parser.LagartoBasedHtmlParser
2023-06-22 11:52:17,435 INFO o.a.j.p.h.s.HTTPSamplerBase: Parser for text/vnd.wap.wml is org.apache.jmeter.protocol.http.parser.RegexpHTMLParser
2023-06-22 11:52:17,435 INFO o.a.j.p.h.s.HTTPSamplerBase: Parser for text/css is org.apache.jmeter.protocol.http.parser.CssParser
2023-06-22 11:52:17,466 INFO o.a.j.e.StandardJMeterEngine: Running the test!
2023-06-22 11:52:17,466 INFO o.a.j.s.SampleEvent: List of sample_variables: []
2023-06-22 11:52:17,466 INFO o.a.j.s.SampleEvent: List of sample_variables: []
2023-06-22 11:52:17,466 INFO o.a.j.e.u.CompoundVariable: Note: Function class names must contain the string: '.functions.'
2023-06-22 11:52:17,466 INFO o.a.j.e.u.CompoundVariable: Note: Function class names must not contain the string: '.gui.'
2023-06-22 11:52:17,827 INFO o.a.j.JMeter: Running test (1687427537827)
2023-06-22 11:52:17,858 INFO o.a.j.e.StandardJMeterEngine: Starting ThreadGroup: 1 : Ej3. RequestPokemon
2023-06-22 11:52:17,858 INFO o.a.j.e.StandardJMeterEngine: Starting 2 threads for group Ej3. RequestPokemon.
2023-06-22 11:52:17,858 INFO o.a.j.e.StandardJMeterEngine: Thread will continue on error
2023-06-22 11:52:17,858 INFO o.a.j.t.ThreadGroup: Starting thread group... number=1 threads=2 ramp-up=0 delayedStart=false
2023-06-22 11:52:17,858 INFO o.a.j.t.ThreadGroup: Started thread group number 1
2023-06-22 11:52:17,858 INFO o.a.j.e.StandardJMeterEngine: All thread groups have been started
2023-06-22 11:52:17,890 INFO o.a.j.t.JMeterThread: Thread started: Ej3. RequestPokemon 1-2
2023-06-22 11:52:17,890 INFO o.a.j.t.JMeterThread: Thread started: Ej3. RequestPokemon 1-1
2023-06-22 11:52:17,890 INFO o.a.j.s.FileServer: Stored: C:/Users/marcrp/Documents/Vueling-University/jmeter/Pokemon/load/default/data/Pokemons.csv
2023-06-22 11:52:17,921 INFO o.a.j.p.h.s.HTTPHCAbstractImpl: Local host = P-0467
2023-06-22 11:52:17,921 INFO o.a.j.p.h.s.HTTPHC4Impl: HTTP request retry count = 0
2023-06-22 11:52:17,921 INFO o.a.j.s.SampleResult: Note: Sample TimeStamps are START times
2023-06-22 11:52:17,921 INFO o.a.j.s.SampleResult: sampleresult.default.encoding is set to UTF-8
2023-06-22 11:52:17,921 INFO o.a.j.s.SampleResult: sampleresult.useNanoTime=true
2023-06-22 11:52:17,921 INFO o.a.j.s.SampleResult: sampleresult.nanoThreadSleep=5000
2023-06-22 11:52:18,068 INFO o.a.j.p.h.s.h.LazyLayeredConnectionSocketFactory: Setting up HTTPS TrustAll Socket Factory
2023-06-22 11:52:18,084 INFO o.a.j.u.JsseSSLManager: Using default SSL protocol: TLS
2023-06-22 11:52:18,084 INFO o.a.j.u.JsseSSLManager: SSL session context: per-thread
2023-06-22 11:52:18,701 INFO o.a.j.u.SSLManager: JmeterKeyStore Location:  type JKS
2023-06-22 11:52:18,701 INFO o.a.j.u.SSLManager: KeyStore created OK
2023-06-22 11:52:18,701 WARN o.a.j.u.SSLManager: Keystore file not found, loading empty keystore
2023-06-22 11:52:47,872 INFO o.a.j.t.JMeterThread: Stopping because end time detected by thread: Ej3. RequestPokemon 1-1
2023-06-22 11:52:47,872 INFO o.a.j.t.JMeterThread: Thread finished: Ej3. RequestPokemon 1-1
2023-06-22 11:52:47,872 INFO o.a.j.t.JMeterThread: Stopping because end time detected by thread: Ej3. RequestPokemon 1-2
2023-06-22 11:52:47,872 INFO o.a.j.t.JMeterThread: Thread finished: Ej3. RequestPokemon 1-2
2023-06-22 11:52:47,872 INFO o.a.j.e.StandardJMeterEngine: Notifying test listeners of end of test
2023-06-22 11:52:47,872 INFO o.a.j.s.FileServer: Close: C:/Users/marcrp/Documents/Vueling-University/jmeter/Pokemon/load/default/data/Pokemons.csv
2023-06-22 11:52:47,872 INFO o.a.j.e.StandardJMeterEngine: Forced JVM shutdown requested at end of test
